# JRE version: OpenJDK Runtime Environment (17.0.0.1+2) (build 17.0.0.1+2-3)
# Java VM: OpenJDK 64-Bit Server VM (17.0.0.1+2-3, mixed mode, emulated-client, sharing, tiered, compressed oops, compressed class ptrs, g1 gc, windows-amd64)
GC Precious Log:
 CPUs: 4 total, 4 available
 Memory: 3937M
 Large Page Support: Disabled
 NUMA Support: Disabled
 Compressed Oops: Enabled (32-bit)
 Heap Region Size: 1M
 Heap Min Capacity: 8M
 Heap Initial Capacity: 62M
 Heap Max Capacity: 986M
 Pre-touch: Disabled
 Parallel Workers: 4
 Concurrent Workers: 1
 Concurrent Refinement Workers: 4
 Periodic GC: Disabled
Heap:
 garbage-first heap   total 168960K, used 97336K [0x00000000c2600000, 0x0000000100000000)
  region size 1024K, 5 young (5120K), 5 survivors (5120K)
 Metaspace       used 74970K, committed 75648K, reserved 1114112K
  class space    used 11121K, committed 11456K, reserved 1048576K
GC Heap History (20 events):
Event: 39.567 GC heap after
{Heap after GC invocations=29 (full 0):
 garbage-first heap   total 122880K, used 67538K [0x00000000c2600000, 0x0000000100000000)
  region size 1024K, 5 young (5120K), 5 survivors (5120K)
 Metaspace       used 73282K, committed 73920K, reserved 1114112K
  class space    used 10742K, committed 11072K, reserved 1048576K
}
Event: 39.773 GC heap before
{Heap before GC invocations=29 (full 0):
 garbage-first heap   total 122880K, used 95186K [0x00000000c2600000, 0x0000000100000000)
  region size 1024K, 32 young (32768K), 5 survivors (5120K)
 Metaspace       used 73282K, committed 73920K, reserved 1114112K
  class space    used 10742K, committed 11072K, reserved 1048576K
}
Event: 39.787 GC heap after
{Heap after GC invocations=30 (full 0):
 garbage-first heap   total 122880K, used 70031K [0x00000000c2600000, 0x0000000100000000)
  region size 1024K, 3 young (3072K), 3 survivors (3072K)
 Metaspace       used 73282K, committed 73920K, reserved 1114112K
  class space    used 10742K, committed 11072K, reserved 1048576K
}
Event: 40.711 GC heap before
{Heap before GC invocations=31 (full 0):
 garbage-first heap   total 140288K, used 95631K [0x00000000c2600000, 0x0000000100000000)
  region size 1024K, 29 young (29696K), 3 survivors (3072K)
 Metaspace       used 74959K, committed 75584K, reserved 1114112K
  class space    used 11121K, committed 11456K, reserved 1048576K
}
Event: 40.716 GC heap after
{Heap after GC invocations=32 (full 0):
 garbage-first heap   total 140288K, used 69201K [0x00000000c2600000, 0x0000000100000000)
  region size 1024K, 3 young (3072K), 3 survivors (3072K)
 Metaspace       used 74959K, committed 75584K, reserved 1114112K
  class space    used 11121K, committed 11456K, reserved 1048576K
}
Event: 40.733 GC heap before
{Heap before GC invocations=32 (full 0):
 garbage-first heap   total 140288K, used 72273K [0x00000000c2600000, 0x0000000100000000)
  region size 1024K, 6 young (6144K), 3 survivors (3072K)
 Metaspace       used 74959K, committed 75584K, reserved 1114112K
  class space    used 11121K, committed 11456K, reserved 1048576K
}
Event: 40.739 GC heap after
{Heap after GC invocations=33 (full 0):
 garbage-first heap   total 140288K, used 69602K [0x00000000c2600000, 0x0000000100000000)
  region size 1024K, 1 young (1024K), 1 survivors (1024K)
 Metaspace       used 74959K, committed 75584K, reserved 1114112K
  class space    used 11121K, committed 11456K, reserved 1048576K
}
Event: 41.134 GC heap before
{Heap before GC invocations=33 (full 0):
 garbage-first heap   total 140288K, used 109538K [0x00000000c2600000, 0x0000000100000000)
  region size 1024K, 40 young (40960K), 1 survivors (1024K)
 Metaspace       used 74962K, committed 75648K, reserved 1114112K
  class space    used 11121K, committed 11456K, reserved 1048576K
}
Event: 41.154 GC heap after
{Heap after GC invocations=34 (full 0):
 garbage-first heap   total 168960K, used 81120K [0x00000000c2600000, 0x0000000100000000)
  region size 1024K, 5 young (5120K), 5 survivors (5120K)
 Metaspace       used 74962K, committed 75648K, reserved 1114112K
  class space    used 11121K, committed 11456K, reserved 1048576K
}
Event: 41.587 GC heap before
{Heap before GC invocations=35 (full 0):
 garbage-first heap   total 168960K, used 116960K [0x00000000c2600000, 0x0000000100000000)
  region size 1024K, 49 young (50176K), 5 survivors (5120K)
 Metaspace       used 74970K, committed 75648K, reserved 1114112K
  class space    used 11121K, committed 11456K, reserved 1048576K
}
Event: 41.611 GC heap after
{Heap after GC invocations=36 (full 0):
 garbage-first heap   total 168960K, used 86719K [0x00000000c2600000, 0x0000000100000000)
  region size 1024K, 7 young (7168K), 7 survivors (7168K)
 Metaspace       used 74970K, committed 75648K, reserved 1114112K
  class space    used 11121K, committed 11456K, reserved 1048576K
}
Event: 41.615 GC heap before
{Heap before GC invocations=36 (full 0):
 garbage-first heap   total 168960K, used 87743K [0x00000000c2600000, 0x0000000100000000)
  region size 1024K, 8 young (8192K), 7 survivors (7168K)
 Metaspace       used 74970K, committed 75648K, reserved 1114112K
  class space    used 11121K, committed 11456K, reserved 1048576K
}
Event: 41.628 GC heap after
{Heap after GC invocations=37 (full 0):
 garbage-first heap   total 168960K, used 79417K [0x00000000c2600000, 0x0000000100000000)
  region size 1024K, 1 young (1024K), 1 survivors (1024K)
 Metaspace       used 74970K, committed 75648K, reserved 1114112K
  class space    used 11121K, committed 11456K, reserved 1048576K
}
Event: 41.734 GC heap before
{Heap before GC invocations=37 (full 0):
 garbage-first heap   total 168960K, used 93753K [0x00000000c2600000, 0x0000000100000000)
  region size 1024K, 16 young (16384K), 1 survivors (1024K)
 Metaspace       used 74970K, committed 75648K, reserved 1114112K
  class space    used 11121K, committed 11456K, reserved 1048576K
}
Event: 41.740 GC heap after
{Heap after GC invocations=38 (full 0):
 garbage-first heap   total 168960K, used 81631K [0x00000000c2600000, 0x0000000100000000)
  region size 1024K, 4 young (4096K), 4 survivors (4096K)
 Metaspace       used 74970K, committed 75648K, reserved 1114112K
  class space    used 11121K, committed 11456K, reserved 1048576K
}
Event: 42.099 GC heap before
{Heap before GC invocations=39 (full 0):
 garbage-first heap   total 168960K, used 122591K [0x00000000c2600000, 0x0000000100000000)
  region size 1024K, 46 young (47104K), 4 survivors (4096K)
 Metaspace       used 74970K, committed 75648K, reserved 1114112K
  class space    used 11121K, committed 11456K, reserved 1048576K
}
Event: 42.137 GC heap after
{Heap after GC invocations=40 (full 0):
 garbage-first heap   total 168960K, used 96034K [0x00000000c2600000, 0x0000000100000000)
  region size 1024K, 6 young (6144K), 6 survivors (6144K)
 Metaspace       used 74970K, committed 75648K, reserved 1114112K
  class space    used 11121K, committed 11456K, reserved 1048576K
}
Event: 42.178 GC heap before
{Heap before GC invocations=40 (full 0):
 garbage-first heap   total 168960K, used 100130K [0x00000000c2600000, 0x0000000100000000)
  region size 1024K, 8 young (8192K), 6 survivors (6144K)
 Metaspace       used 74970K, committed 75648K, reserved 1114112K
  class space    used 11121K, committed 11456K, reserved 1048576K
}
Event: 42.195 GC heap after
{Heap after GC invocations=41 (full 0):
 garbage-first heap   total 168960K, used 88767K [0x00000000c2600000, 0x0000000100000000)
  region size 1024K, 1 young (1024K), 1 survivors (1024K)
 Metaspace       used 74970K, committed 75648K, reserved 1114112K
  class space    used 11121K, committed 11456K, reserved 1048576K
}
Event: 42.446 GC heap before
{Heap before GC invocations=41 (full 0):
 garbage-first heap   total 168960K, used 123583K [0x00000000c2600000, 0x0000000100000000)
  region size 1024K, 35 young (35840K), 1 survivors (1024K)
 Metaspace       used 74970K, committed 75648K, reserved 1114112K
  class space    used 11121K, committed 11456K, reserved 1048576K
}

