# JRE version: OpenJDK Runtime Environment (17.0.0.1+2) (build 17.0.0.1+2-3)
# Java VM: OpenJDK 64-Bit Server VM (17.0.0.1+2-3, mixed mode, emulated-client, sharing, tiered, compressed oops, compressed class ptrs, g1 gc, windows-amd64)
GC Precious Log:
 CPUs: 4 total, 4 available
 Memory: 3937M
 Large Page Support: Disabled
 NUMA Support: Disabled
 Compressed Oops: Enabled (32-bit)
 Heap Region Size: 1M
 Heap Min Capacity: 8M
 Heap Initial Capacity: 62M
 Heap Max Capacity: 986M
 Pre-touch: Disabled
 Parallel Workers: 4
 Concurrent Workers: 1
 Concurrent Refinement Workers: 4
 Periodic GC: Disabled
Heap:
 garbage-first heap   total 235520K, used 80077K [0x00000000c2600000, 0x0000000100000000)
  region size 1024K, 4 young (4096K), 4 survivors (4096K)
 Metaspace       used 74992K, committed 75648K, reserved 1114112K
  class space    used 11130K, committed 11456K, reserved 1048576K
GC Heap History (20 events):
Event: 111.272 GC heap after
{Heap after GC invocations=28 (full 0):
 garbage-first heap   total 82944K, used 33198K [0x00000000c2600000, 0x0000000100000000)
  region size 1024K, 5 young (5120K), 5 survivors (5120K)
 Metaspace       used 54513K, committed 54976K, reserved 1097728K
  class space    used 7719K, committed 7936K, reserved 1048576K
}
Event: 113.706 GC heap before
{Heap before GC invocations=28 (full 0):
 garbage-first heap   total 82944K, used 66990K [0x00000000c2600000, 0x0000000100000000)
  region size 1024K, 38 young (38912K), 5 survivors (5120K)
 Metaspace       used 60334K, committed 60800K, reserved 1105920K
  class space    used 8609K, committed 8832K, reserved 1048576K
}
Event: 113.735 GC heap after
{Heap after GC invocations=29 (full 0):
 garbage-first heap   total 235520K, used 35333K [0x00000000c2600000, 0x0000000100000000)
  region size 1024K, 3 young (3072K), 3 survivors (3072K)
 Metaspace       used 60334K, committed 60800K, reserved 1105920K
  class space    used 8609K, committed 8832K, reserved 1048576K
}
Event: 113.872 GC heap before
{Heap before GC invocations=29 (full 0):
 garbage-first heap   total 235520K, used 37381K [0x00000000c2600000, 0x0000000100000000)
  region size 1024K, 6 young (6144K), 3 survivors (3072K)
 Metaspace       used 60883K, committed 61376K, reserved 1105920K
  class space    used 8642K, committed 8896K, reserved 1048576K
}
Event: 113.881 GC heap after
{Heap after GC invocations=30 (full 0):
 garbage-first heap   total 235520K, used 35358K [0x00000000c2600000, 0x0000000100000000)
  region size 1024K, 3 young (3072K), 3 survivors (3072K)
 Metaspace       used 60883K, committed 61376K, reserved 1105920K
  class space    used 8642K, committed 8896K, reserved 1048576K
}
Event: 121.999 GC heap before
{Heap before GC invocations=31 (full 0):
 garbage-first heap   total 130048K, used 110110K [0x00000000c2600000, 0x0000000100000000)
  region size 1024K, 76 young (77824K), 3 survivors (3072K)
 Metaspace       used 68073K, committed 68672K, reserved 1114112K
  class space    used 9858K, committed 10112K, reserved 1048576K
}
Event: 122.009 GC heap after
{Heap after GC invocations=32 (full 0):
 garbage-first heap   total 130048K, used 37264K [0x00000000c2600000, 0x0000000100000000)
  region size 1024K, 5 young (5120K), 5 survivors (5120K)
 Metaspace       used 68073K, committed 68672K, reserved 1114112K
  class space    used 9858K, committed 10112K, reserved 1048576K
}
Event: 124.601 GC heap before
{Heap before GC invocations=33 (full 0):
 garbage-first heap   total 130048K, used 105872K [0x00000000c2600000, 0x0000000100000000)
  region size 1024K, 72 young (73728K), 5 survivors (5120K)
 Metaspace       used 73274K, committed 73920K, reserved 1114112K
  class space    used 10751K, committed 11072K, reserved 1048576K
}
Event: 124.632 GC heap after
{Heap after GC invocations=34 (full 0):
 garbage-first heap   total 130048K, used 46787K [0x00000000c2600000, 0x0000000100000000)
  region size 1024K, 9 young (9216K), 9 survivors (9216K)
 Metaspace       used 73274K, committed 73920K, reserved 1114112K
  class space    used 10751K, committed 11072K, reserved 1048576K
}
Event: 124.917 GC heap before
{Heap before GC invocations=34 (full 0):
 garbage-first heap   total 130048K, used 102083K [0x00000000c2600000, 0x0000000100000000)
  region size 1024K, 62 young (63488K), 9 survivors (9216K)
 Metaspace       used 73274K, committed 73920K, reserved 1114112K
  class space    used 10751K, committed 11072K, reserved 1048576K
}
Event: 124.947 GC heap after
{Heap after GC invocations=35 (full 0):
 garbage-first heap   total 130048K, used 63617K [0x00000000c2600000, 0x0000000100000000)
  region size 1024K, 8 young (8192K), 8 survivors (8192K)
 Metaspace       used 73274K, committed 73920K, reserved 1114112K
  class space    used 10751K, committed 11072K, reserved 1048576K
}
Event: 125.157 GC heap before
{Heap before GC invocations=35 (full 0):
 garbage-first heap   total 130048K, used 97409K [0x00000000c2600000, 0x0000000100000000)
  region size 1024K, 41 young (41984K), 8 survivors (8192K)
 Metaspace       used 73283K, committed 73920K, reserved 1114112K
  class space    used 10752K, committed 11072K, reserved 1048576K
}
Event: 125.176 GC heap after
{Heap after GC invocations=36 (full 0):
 garbage-first heap   total 130048K, used 67160K [0x00000000c2600000, 0x0000000100000000)
  region size 1024K, 3 young (3072K), 3 survivors (3072K)
 Metaspace       used 73283K, committed 73920K, reserved 1114112K
  class space    used 10752K, committed 11072K, reserved 1048576K
}
Event: 125.433 GC heap before
{Heap before GC invocations=36 (full 0):
 garbage-first heap   total 130048K, used 99928K [0x00000000c2600000, 0x0000000100000000)
  region size 1024K, 35 young (35840K), 3 survivors (3072K)
 Metaspace       used 73766K, committed 74432K, reserved 1114112K
  class space    used 10805K, committed 11136K, reserved 1048576K
}
Event: 125.440 GC heap after
{Heap after GC invocations=37 (full 0):
 garbage-first heap   total 130048K, used 66145K [0x00000000c2600000, 0x0000000100000000)
  region size 1024K, 2 young (2048K), 2 survivors (2048K)
 Metaspace       used 73766K, committed 74432K, reserved 1114112K
  class space    used 10805K, committed 11136K, reserved 1048576K
}
Event: 126.111 GC heap before
{Heap before GC invocations=38 (full 0):
 garbage-first heap   total 130048K, used 99937K [0x00000000c2600000, 0x0000000100000000)
  region size 1024K, 36 young (36864K), 2 survivors (2048K)
 Metaspace       used 74982K, committed 75648K, reserved 1114112K
  class space    used 11130K, committed 11456K, reserved 1048576K
}
Event: 126.125 GC heap after
{Heap after GC invocations=39 (full 0):
 garbage-first heap   total 130048K, used 75528K [0x00000000c2600000, 0x0000000100000000)
  region size 1024K, 5 young (5120K), 5 survivors (5120K)
 Metaspace       used 74982K, committed 75648K, reserved 1114112K
  class space    used 11130K, committed 11456K, reserved 1048576K
}
Event: 126.131 GC heap before
{Heap before GC invocations=39 (full 0):
 garbage-first heap   total 130048K, used 76552K [0x00000000c2600000, 0x0000000100000000)
  region size 1024K, 6 young (6144K), 5 survivors (5120K)
 Metaspace       used 74982K, committed 75648K, reserved 1114112K
  class space    used 11130K, committed 11456K, reserved 1048576K
}
Event: 126.139 GC heap after
{Heap after GC invocations=40 (full 0):
 garbage-first heap   total 130048K, used 77345K [0x00000000c2600000, 0x0000000100000000)
  region size 1024K, 1 young (1024K), 1 survivors (1024K)
 Metaspace       used 74982K, committed 75648K, reserved 1114112K
  class space    used 11130K, committed 11456K, reserved 1048576K
}
Event: 126.271 GC heap before
{Heap before GC invocations=40 (full 0):
 garbage-first heap   total 130048K, used 101921K [0x00000000c2600000, 0x0000000100000000)
  region size 1024K, 25 young (25600K), 1 survivors (1024K)
 Metaspace       used 74992K, committed 75648K, reserved 1114112K
  class space    used 11130K, committed 11456K, reserved 1048576K
}

