# JRE version: OpenJDK Runtime Environment (17.0.0.1+2) (build 17.0.0.1+2-3)
# Java VM: OpenJDK 64-Bit Server VM (17.0.0.1+2-3, mixed mode, emulated-client, sharing, tiered, compressed oops, compressed class ptrs, g1 gc, windows-amd64)
GC Precious Log:
 CPUs: 4 total, 4 available
 Memory: 3937M
 Large Page Support: Disabled
 NUMA Support: Disabled
 Compressed Oops: Enabled (32-bit)
 Heap Region Size: 1M
 Heap Min Capacity: 8M
 Heap Initial Capacity: 62M
 Heap Max Capacity: 986M
 Pre-touch: Disabled
 Parallel Workers: 4
 Concurrent Workers: 1
 Concurrent Refinement Workers: 4
 Periodic GC: Disabled
Heap:
 garbage-first heap   total 63488K, used 11416K [0x00000000c2600000, 0x0000000100000000)
  region size 1024K, 3 young (3072K), 3 survivors (3072K)
 Metaspace       used 9567K, committed 9728K, reserved 1064960K
  class space    used 1273K, committed 1344K, reserved 1048576K
GC Heap History (13 events):
Event: 3.563 GC heap before
{Heap before GC invocations=0 (full 0):
 garbage-first heap   total 63488K, used 15360K [0x00000000c2600000, 0x0000000100000000)
  region size 1024K, 13 young (13312K), 0 survivors (0K)
 Metaspace       used 3549K, committed 3776K, reserved 1056768K
  class space    used 414K, committed 512K, reserved 1048576K
}
Event: 3.619 GC heap after
{Heap after GC invocations=1 (full 0):
 garbage-first heap   total 63488K, used 9134K [0x00000000c2600000, 0x0000000100000000)
  region size 1024K, 2 young (2048K), 2 survivors (2048K)
 Metaspace       used 3549K, committed 3776K, reserved 1056768K
  class space    used 414K, committed 512K, reserved 1048576K
}
Event: 6.202 GC heap before
{Heap before GC invocations=1 (full 0):
 garbage-first heap   total 63488K, used 15278K [0x00000000c2600000, 0x0000000100000000)
  region size 1024K, 8 young (8192K), 2 survivors (2048K)
 Metaspace       used 5787K, committed 6016K, reserved 1056768K
  class space    used 712K, committed 832K, reserved 1048576K
}
Event: 6.209 GC heap after
{Heap after GC invocations=2 (full 0):
 garbage-first heap   total 63488K, used 10115K [0x00000000c2600000, 0x0000000100000000)
  region size 1024K, 1 young (1024K), 1 survivors (1024K)
 Metaspace       used 5787K, committed 6016K, reserved 1056768K
  class space    used 712K, committed 832K, reserved 1048576K
}
Event: 6.810 GC heap before
{Heap before GC invocations=2 (full 0):
 garbage-first heap   total 63488K, used 26499K [0x00000000c2600000, 0x0000000100000000)
  region size 1024K, 18 young (18432K), 1 survivors (1024K)
 Metaspace       used 7668K, committed 7872K, reserved 1056768K
  class space    used 1004K, committed 1088K, reserved 1048576K
}
Event: 6.815 GC heap after
{Heap after GC invocations=3 (full 0):
 garbage-first heap   total 63488K, used 10974K [0x00000000c2600000, 0x0000000100000000)
  region size 1024K, 2 young (2048K), 2 survivors (2048K)
 Metaspace       used 7668K, committed 7872K, reserved 1056768K
  class space    used 1004K, committed 1088K, reserved 1048576K
}
Event: 6.833 GC heap before
{Heap before GC invocations=3 (full 0):
 garbage-first heap   total 63488K, used 37598K [0x00000000c2600000, 0x0000000100000000)
  region size 1024K, 29 young (29696K), 2 survivors (2048K)
 Metaspace       used 7668K, committed 7872K, reserved 1056768K
  class space    used 1004K, committed 1088K, reserved 1048576K
}
Event: 6.837 GC heap after
{Heap after GC invocations=4 (full 0):
 garbage-first heap   total 63488K, used 11041K [0x00000000c2600000, 0x0000000100000000)
  region size 1024K, 2 young (2048K), 2 survivors (2048K)
 Metaspace       used 7668K, committed 7872K, reserved 1056768K
  class space    used 1004K, committed 1088K, reserved 1048576K
}
Event: 6.853 GC heap before
{Heap before GC invocations=4 (full 0):
 garbage-first heap   total 63488K, used 43809K [0x00000000c2600000, 0x0000000100000000)
  region size 1024K, 35 young (35840K), 2 survivors (2048K)
 Metaspace       used 7668K, committed 7872K, reserved 1056768K
  class space    used 1004K, committed 1088K, reserved 1048576K
}
Event: 6.857 GC heap after
{Heap after GC invocations=5 (full 0):
 garbage-first heap   total 63488K, used 10969K [0x00000000c2600000, 0x0000000100000000)
  region size 1024K, 2 young (2048K), 2 survivors (2048K)
 Metaspace       used 7668K, committed 7872K, reserved 1056768K
  class space    used 1004K, committed 1088K, reserved 1048576K
}
Event: 6.875 GC heap before
{Heap before GC invocations=5 (full 0):
 garbage-first heap   total 63488K, used 45785K [0x00000000c2600000, 0x0000000100000000)
  region size 1024K, 37 young (37888K), 2 survivors (2048K)
 Metaspace       used 7668K, committed 7872K, reserved 1056768K
  class space    used 1004K, committed 1088K, reserved 1048576K
}
Event: 6.879 GC heap after
{Heap after GC invocations=6 (full 0):
 garbage-first heap   total 63488K, used 10991K [0x00000000c2600000, 0x0000000100000000)
  region size 1024K, 2 young (2048K), 2 survivors (2048K)
 Metaspace       used 7668K, committed 7872K, reserved 1056768K
  class space    used 1004K, committed 1088K, reserved 1048576K
}
Event: 7.789 GC heap before
{Heap before GC invocations=6 (full 0):
 garbage-first heap   total 63488K, used 45807K [0x00000000c2600000, 0x0000000100000000)
  region size 1024K, 37 young (37888K), 2 survivors (2048K)
 Metaspace       used 9567K, committed 9728K, reserved 1064960K
  class space    used 1273K, committed 1344K, reserved 1048576K
}

