# JRE version: OpenJDK Runtime Environment (17.0.0.1+2) (build 17.0.0.1+2-3)
# Java VM: OpenJDK 64-Bit Server VM (17.0.0.1+2-3, mixed mode, emulated-client, sharing, tiered, compressed oops, compressed class ptrs, g1 gc, windows-amd64)
GC Precious Log:
 CPUs: 4 total, 4 available
 Memory: 3937M
 Large Page Support: Disabled
 NUMA Support: Disabled
 Compressed Oops: Enabled (32-bit)
 Heap Region Size: 1M
 Heap Min Capacity: 8M
 Heap Initial Capacity: 62M
 Heap Max Capacity: 986M
 Pre-touch: Disabled
 Parallel Workers: 4
 Concurrent Workers: 1
 Concurrent Refinement Workers: 4
 Periodic GC: Disabled
Heap:
 garbage-first heap   total 281600K, used 65316K [0x00000000c2600000, 0x0000000100000000)
  region size 1024K, 1 young (1024K), 1 survivors (1024K)
 Metaspace       used 105907K, committed 106688K, reserved 1146880K
  class space    used 15325K, committed 15680K, reserved 1048576K
GC Heap History (20 events):
Event: 752.279 GC heap after
{Heap after GC invocations=63 (full 0):
 garbage-first heap   total 239616K, used 63580K [0x00000000c2600000, 0x0000000100000000)
  region size 1024K, 1 young (1024K), 1 survivors (1024K)
 Metaspace       used 92005K, committed 92672K, reserved 1130496K
  class space    used 13596K, committed 13888K, reserved 1048576K
}
Event: 752.397 GC heap before
{Heap before GC invocations=63 (full 0):
 garbage-first heap   total 239616K, used 72796K [0x00000000c2600000, 0x0000000100000000)
  region size 1024K, 11 young (11264K), 1 survivors (1024K)
 Metaspace       used 92005K, committed 92672K, reserved 1130496K
  class space    used 13596K, committed 13888K, reserved 1048576K
}
Event: 752.443 GC heap after
{Heap after GC invocations=64 (full 0):
 garbage-first heap   total 239616K, used 62432K [0x00000000c2600000, 0x0000000100000000)
  region size 1024K, 1 young (1024K), 1 survivors (1024K)
 Metaspace       used 92005K, committed 92672K, reserved 1130496K
  class space    used 13596K, committed 13888K, reserved 1048576K
}
Event: 752.874 GC heap before
{Heap before GC invocations=64 (full 0):
 garbage-first heap   total 239616K, used 90080K [0x00000000c2600000, 0x0000000100000000)
  region size 1024K, 29 young (29696K), 1 survivors (1024K)
 Metaspace       used 92005K, committed 92672K, reserved 1130496K
  class space    used 13596K, committed 13888K, reserved 1048576K
}
Event: 752.927 GC heap after
{Heap after GC invocations=65 (full 0):
 garbage-first heap   total 239616K, used 62530K [0x00000000c2600000, 0x0000000100000000)
  region size 1024K, 1 young (1024K), 1 survivors (1024K)
 Metaspace       used 92005K, committed 92672K, reserved 1130496K
  class space    used 13596K, committed 13888K, reserved 1048576K
}
Event: 754.386 GC heap before
{Heap before GC invocations=65 (full 0):
 garbage-first heap   total 239616K, used 114754K [0x00000000c2600000, 0x0000000100000000)
  region size 1024K, 53 young (54272K), 1 survivors (1024K)
 Metaspace       used 92005K, committed 92672K, reserved 1130496K
  class space    used 13596K, committed 13888K, reserved 1048576K
}
Event: 754.392 GC heap after
{Heap after GC invocations=66 (full 0):
 garbage-first heap   total 239616K, used 62521K [0x00000000c2600000, 0x0000000100000000)
  region size 1024K, 1 young (1024K), 1 survivors (1024K)
 Metaspace       used 92005K, committed 92672K, reserved 1130496K
  class space    used 13596K, committed 13888K, reserved 1048576K
}
Event: 887.392 GC heap before
{Heap before GC invocations=67 (full 0):
 garbage-first heap   total 239616K, used 132153K [0x00000000c2600000, 0x0000000100000000)
  region size 1024K, 70 young (71680K), 1 survivors (1024K)
 Metaspace       used 94977K, committed 95744K, reserved 1138688K
  class space    used 14023K, committed 14400K, reserved 1048576K
}
Event: 887.595 GC heap after
{Heap after GC invocations=68 (full 0):
 garbage-first heap   total 239616K, used 63706K [0x00000000c2600000, 0x0000000100000000)
  region size 1024K, 3 young (3072K), 3 survivors (3072K)
 Metaspace       used 94977K, committed 95744K, reserved 1138688K
  class space    used 14023K, committed 14400K, reserved 1048576K
}
Event: 922.333 GC heap before
{Heap before GC invocations=68 (full 0):
 garbage-first heap   total 239616K, used 71898K [0x00000000c2600000, 0x0000000100000000)
  region size 1024K, 11 young (11264K), 3 survivors (3072K)
 Metaspace       used 94977K, committed 95744K, reserved 1138688K
  class space    used 14023K, committed 14400K, reserved 1048576K
}
Event: 922.569 GC heap after
{Heap after GC invocations=69 (full 0):
 garbage-first heap   total 239616K, used 62906K [0x00000000c2600000, 0x0000000100000000)
  region size 1024K, 1 young (1024K), 1 survivors (1024K)
 Metaspace       used 94977K, committed 95744K, reserved 1138688K
  class space    used 14023K, committed 14400K, reserved 1048576K
}
Event: 968.682 GC heap before
{Heap before GC invocations=69 (full 0):
 garbage-first heap   total 239616K, used 73146K [0x00000000c2600000, 0x0000000100000000)
  region size 1024K, 11 young (11264K), 1 survivors (1024K)
 Metaspace       used 95013K, committed 95808K, reserved 1138688K
  class space    used 14028K, committed 14400K, reserved 1048576K
}
Event: 968.809 GC heap after
{Heap after GC invocations=70 (full 0):
 garbage-first heap   total 239616K, used 62396K [0x00000000c2600000, 0x0000000100000000)
  region size 1024K, 1 young (1024K), 1 survivors (1024K)
 Metaspace       used 95013K, committed 95808K, reserved 1138688K
  class space    used 14028K, committed 14400K, reserved 1048576K
}
Event: 1459.526 GC heap before
{Heap before GC invocations=70 (full 0):
 garbage-first heap   total 239616K, used 171964K [0x00000000c2600000, 0x0000000100000000)
  region size 1024K, 109 young (111616K), 1 survivors (1024K)
 Metaspace       used 102718K, committed 103488K, reserved 1138688K
  class space    used 14927K, committed 15296K, reserved 1048576K
}
Event: 1459.621 GC heap after
{Heap after GC invocations=71 (full 0):
 garbage-first heap   total 239616K, used 65040K [0x00000000c2600000, 0x0000000100000000)
  region size 1024K, 3 young (3072K), 3 survivors (3072K)
 Metaspace       used 102718K, committed 103488K, reserved 1138688K
  class space    used 14927K, committed 15296K, reserved 1048576K
}
Event: 1488.494 GC heap before
{Heap before GC invocations=72 (full 0):
 garbage-first heap   total 239616K, used 153104K [0x00000000c2600000, 0x0000000100000000)
  region size 1024K, 90 young (92160K), 3 survivors (3072K)
 Metaspace       used 105906K, committed 106688K, reserved 1146880K
  class space    used 15325K, committed 15680K, reserved 1048576K
}
Event: 1488.640 GC heap after
{Heap after GC invocations=73 (full 0):
 garbage-first heap   total 239616K, used 66718K [0x00000000c2600000, 0x0000000100000000)
  region size 1024K, 5 young (5120K), 5 survivors (5120K)
 Metaspace       used 105906K, committed 106688K, reserved 1146880K
  class space    used 15325K, committed 15680K, reserved 1048576K
}
Event: 1489.387 GC heap before
{Heap before GC invocations=73 (full 0):
 garbage-first heap   total 239616K, used 71838K [0x00000000c2600000, 0x0000000100000000)
  region size 1024K, 11 young (11264K), 5 survivors (5120K)
 Metaspace       used 105907K, committed 106688K, reserved 1146880K
  class space    used 15325K, committed 15680K, reserved 1048576K
}
Event: 1490.439 GC heap after
{Heap after GC invocations=74 (full 0):
 garbage-first heap   total 239616K, used 66017K [0x00000000c2600000, 0x0000000100000000)
  region size 1024K, 1 young (1024K), 1 survivors (1024K)
 Metaspace       used 105907K, committed 106688K, reserved 1146880K
  class space    used 15325K, committed 15680K, reserved 1048576K
}
Event: 1490.671 GC heap before
{Heap before GC invocations=74 (full 0):
 garbage-first heap   total 239616K, used 75233K [0x00000000c2600000, 0x0000000100000000)
  region size 1024K, 11 young (11264K), 1 survivors (1024K)
 Metaspace       used 105907K, committed 106688K, reserved 1146880K
  class space    used 15325K, committed 15680K, reserved 1048576K
}

